           0
   2.0000000000000000E-003
   4.0000000000000001E-003
   6.0000000000000001E-003
   8.0000000000000002E-003
   1.0000000000000000E-002
   1.2000000000000000E-002
   1.4000000000000000E-002
   1.6000000000000000E-002
   1.8000000000000002E-002
   2.0000000000000000E-002
   2.1999999999999999E-002
   2.4000000000000000E-002
   2.6000000000000002E-002
   2.8000000000000001E-002
   2.9999999999999999E-002
   3.2000000000000001E-002
   3.4000000000000002E-002
   3.6000000000000004E-002
   3.7999999999999999E-002
   4.0000000000000001E-002
   4.2000000000000003E-002
   4.3999999999999997E-002
   4.5999999999999999E-002
   4.8000000000000001E-002
   5.0000000000000003E-002
   5.2000000000000005E-002
   5.3999999999999999E-002
   5.6000000000000001E-002
   5.8000000000000003E-002
   5.9999999999999998E-002
   6.2000000000000000E-002
   6.4000000000000001E-002
   6.6000000000000003E-002
   6.8000000000000005E-002
   7.0000000000000007E-002
   7.2000000000000008E-002
   7.3999999999999996E-002
   7.5999999999999998E-002
   7.8000000000000000E-002
   8.0000000000000002E-002
   8.2000000000000003E-002
   8.4000000000000005E-002
   8.6000000000000007E-002
   8.7999999999999995E-002
   8.9999999999999997E-002
   9.1999999999999998E-002
   9.4000000000000000E-002
   9.6000000000000002E-002
   9.8000000000000004E-002
  0.10000000000000001     
  0.10200000000000001     
  0.10400000000000001     
  0.10600000000000000     
  0.10800000000000000     
  0.11000000000000000     
  0.11200000000000000     
  0.11400000000000000     
  0.11600000000000001     
  0.11800000000000001     
  0.12000000000000000     
  0.12200000000000000     
  0.12400000000000000     
  0.12600000000000000     
  0.12800000000000000     
  0.13000000000000000     
  0.13200000000000001     
  0.13400000000000001     
  0.13600000000000001     
  0.13800000000000001     
  0.14000000000000001     
  0.14200000000000002     
  0.14400000000000002     
  0.14599999999999999     
  0.14799999999999999     
  0.14999999999999999     
  0.15200000000000000     
  0.15400000000000000     
  0.15600000000000000     
  0.15800000000000000     
  0.16000000000000000     
  0.16200000000000001     
  0.16400000000000001     
  0.16600000000000001     
  0.16800000000000001     
  0.17000000000000001     
  0.17200000000000001     
  0.17400000000000002     
  0.17599999999999999     
  0.17799999999999999     
  0.17999999999999999     
  0.18200000000000000     
  0.18400000000000000     
  0.18600000000000000     
  0.18800000000000000     
  0.19000000000000000     
  0.19200000000000000     
  0.19400000000000001     
  0.19600000000000001     
  0.19800000000000001     
  0.20000000000000001     
  0.20200000000000001     
  0.20400000000000001     
  0.20600000000000002     
  0.20800000000000002     
  0.20999999999999999     
  0.21199999999999999     
  0.21400000000000000     
  0.21600000000000000     
  0.21800000000000000     
  0.22000000000000000     
  0.22200000000000000     
  0.22400000000000000     
  0.22600000000000001     
  0.22800000000000001     
  0.23000000000000001     
  0.23200000000000001     
  0.23400000000000001     
  0.23600000000000002     
  0.23800000000000002     
  0.23999999999999999     
  0.24199999999999999     
  0.24399999999999999     
  0.24600000000000000     
  0.24800000000000000     
  0.25000000000000000     
  0.25200000000000000     
  0.25400000000000000     
  0.25600000000000001     
  0.25800000000000001     
  0.26000000000000001     
  0.26200000000000001     
  0.26400000000000001     
  0.26600000000000001     
  0.26800000000000002     
  0.27000000000000002     
  0.27200000000000002     
  0.27400000000000002     
  0.27600000000000002     
  0.27800000000000002     
  0.28000000000000003     
  0.28200000000000003     
  0.28400000000000003     
  0.28600000000000003     
  0.28800000000000003     
  0.28999999999999998     
  0.29199999999999998     
  0.29399999999999998     
  0.29599999999999999     
  0.29799999999999999     
  0.29999999999999999     
  0.30199999999999999     
  0.30399999999999999     
  0.30599999999999999     
  0.30800000000000000     
  0.31000000000000000     
  0.31200000000000000     
  0.31400000000000000     
  0.31600000000000000     
  0.31800000000000000     
  0.32000000000000001     
  0.32200000000000001     
  0.32400000000000001     
  0.32600000000000001     
  0.32800000000000001     
  0.33000000000000002     
  0.33200000000000002     
  0.33400000000000002     
  0.33600000000000002     
  0.33800000000000002     
  0.34000000000000002     
  0.34200000000000003     
  0.34400000000000003     
  0.34600000000000003     
  0.34800000000000003     
  0.35000000000000003     
  0.35199999999999998     
  0.35399999999999998     
  0.35599999999999998     
  0.35799999999999998     
  0.35999999999999999     
  0.36199999999999999     
  0.36399999999999999     
  0.36599999999999999     
  0.36799999999999999     
  0.37000000000000000     
  0.37200000000000000     
  0.37400000000000000     
  0.37600000000000000     
  0.37800000000000000     
  0.38000000000000000     
  0.38200000000000001     
  0.38400000000000001     
  0.38600000000000001     
  0.38800000000000001     
  0.39000000000000001     
  0.39200000000000002     
  0.39400000000000002     
  0.39600000000000002     
  0.39800000000000002     
  0.40000000000000002     
  0.40200000000000002     
  0.40400000000000003     
  0.40600000000000003     
  0.40800000000000003     
  0.41000000000000003     
  0.41200000000000003     
  0.41400000000000003     
  0.41600000000000004     
  0.41799999999999998     
  0.41999999999999998     
  0.42199999999999999     
  0.42399999999999999     
  0.42599999999999999     
  0.42799999999999999     
  0.42999999999999999     
  0.43200000000000000     
  0.43400000000000000     
  0.43600000000000000     
  0.43800000000000000     
  0.44000000000000000     
  0.44200000000000000     
  0.44400000000000001     
  0.44600000000000001     
  0.44800000000000001     
  0.45000000000000001     
  0.45200000000000001     
  0.45400000000000001     
  0.45600000000000002     
  0.45800000000000002     
  0.46000000000000002     
  0.46200000000000002     
  0.46400000000000002     
  0.46600000000000003     
  0.46800000000000003     
  0.47000000000000003     
  0.47200000000000003     
  0.47400000000000003     
  0.47600000000000003     
  0.47800000000000004     
  0.47999999999999998     
  0.48199999999999998     
  0.48399999999999999     
  0.48599999999999999     
  0.48799999999999999     
  0.48999999999999999     
  0.49199999999999999     
  0.49399999999999999     
  0.49600000000000000     
  0.49800000000000000     
  0.50000000000000000     
  0.50200000000000000     
  0.50400000000000000     
  0.50600000000000001     
  0.50800000000000001     
  0.51000000000000001     
  0.51200000000000001     
  0.51400000000000001     
  0.51600000000000001     
  0.51800000000000002     
  0.52000000000000002     
  0.52200000000000002     
  0.52400000000000002     
  0.52600000000000002     
  0.52800000000000002     
  0.53000000000000003     
  0.53200000000000003     
  0.53400000000000003     
  0.53600000000000003     
  0.53800000000000003     
  0.54000000000000004     
  0.54200000000000004     
  0.54400000000000004     
  0.54600000000000004     
  0.54800000000000004     
  0.55000000000000004     
  0.55200000000000005     
  0.55400000000000005     
  0.55600000000000005     
  0.55800000000000005     
  0.56000000000000005     
  0.56200000000000006     
  0.56400000000000006     
  0.56600000000000006     
  0.56800000000000006     
  0.57000000000000006     
  0.57200000000000006     
  0.57400000000000007     
  0.57600000000000007     
  0.57799999999999996     
  0.57999999999999996     
  0.58199999999999996     
  0.58399999999999996     
  0.58599999999999997     
  0.58799999999999997     
  0.58999999999999997     
  0.59199999999999997     
  0.59399999999999997     
  0.59599999999999997     
  0.59799999999999998     
  0.59999999999999998     
  0.60199999999999998     
  0.60399999999999998     
  0.60599999999999998     
  0.60799999999999998     
  0.60999999999999999     
  0.61199999999999999     
  0.61399999999999999     
  0.61599999999999999     
  0.61799999999999999     
  0.62000000000000000     
  0.62200000000000000     
  0.62400000000000000     
  0.62600000000000000     
  0.62800000000000000     
  0.63000000000000000     
  0.63200000000000001     
  0.63400000000000001     
  0.63600000000000001     
  0.63800000000000001     
  0.64000000000000001     
  0.64200000000000002     
  0.64400000000000002     
  0.64600000000000002     
  0.64800000000000002     
  0.65000000000000002     
  0.65200000000000002     
  0.65400000000000003     
  0.65600000000000003     
  0.65800000000000003     
  0.66000000000000003     
  0.66200000000000003     
  0.66400000000000003     
  0.66600000000000004     
  0.66800000000000004     
  0.67000000000000004     
  0.67200000000000004     
  0.67400000000000004     
  0.67600000000000005     
  0.67800000000000005     
  0.68000000000000005     
  0.68200000000000005     
  0.68400000000000005     
  0.68600000000000005     
  0.68800000000000006     
  0.69000000000000006     
  0.69200000000000006     
  0.69400000000000006     
  0.69600000000000006     
  0.69800000000000006     
  0.70000000000000007     
  0.70200000000000007     
  0.70399999999999996     
  0.70599999999999996     
  0.70799999999999996     
  0.70999999999999996     
  0.71199999999999997     
  0.71399999999999997     
  0.71599999999999997     
  0.71799999999999997     
  0.71999999999999997     
  0.72199999999999998     
  0.72399999999999998     
  0.72599999999999998     
  0.72799999999999998     
  0.72999999999999998     
  0.73199999999999998     
  0.73399999999999999     
  0.73599999999999999     
  0.73799999999999999     
  0.73999999999999999     
  0.74199999999999999     
  0.74399999999999999     
  0.74600000000000000     
  0.74800000000000000     
  0.75000000000000000     
  0.75200000000000000     
  0.75400000000000000     
  0.75600000000000001     
  0.75800000000000001     
  0.76000000000000001     
  0.76200000000000001     
  0.76400000000000001     
  0.76600000000000001     
  0.76800000000000002     
  0.77000000000000002     
  0.77200000000000002     
  0.77400000000000002     
  0.77600000000000002     
  0.77800000000000002     
  0.78000000000000003     
  0.78200000000000003     
  0.78400000000000003     
  0.78600000000000003     
  0.78800000000000003     
  0.79000000000000004     
  0.79200000000000004     
  0.79400000000000004     
  0.79600000000000004     
  0.79800000000000004     
  0.80000000000000004     
  0.80200000000000005     
  0.80400000000000005     
  0.80600000000000005     
  0.80800000000000005     
  0.81000000000000005     
  0.81200000000000006     
  0.81400000000000006     
  0.81600000000000006     
  0.81800000000000006     
  0.82000000000000006     
  0.82200000000000006     
  0.82400000000000007     
  0.82600000000000007     
  0.82800000000000007     
  0.83000000000000007     
  0.83200000000000007     
  0.83399999999999996     
  0.83599999999999997     
  0.83799999999999997     
  0.83999999999999997     
  0.84199999999999997     
  0.84399999999999997     
  0.84599999999999997     
  0.84799999999999998     
  0.84999999999999998     
  0.85199999999999998     
  0.85399999999999998     
  0.85599999999999998     
  0.85799999999999998     
  0.85999999999999999     
  0.86199999999999999     
  0.86399999999999999     
  0.86599999999999999     
  0.86799999999999999     
  0.87000000000000000     
  0.87200000000000000     
  0.87400000000000000     
  0.87600000000000000     
  0.87800000000000000     
  0.88000000000000000     
  0.88200000000000001     
  0.88400000000000001     
  0.88600000000000001     
  0.88800000000000001     
  0.89000000000000001     
  0.89200000000000002     
  0.89400000000000002     
  0.89600000000000002     
  0.89800000000000002     
  0.90000000000000002     
  0.90200000000000002     
  0.90400000000000003     
  0.90600000000000003     
  0.90800000000000003     
  0.91000000000000003     
  0.91200000000000003     
  0.91400000000000003     
  0.91600000000000004     
  0.91800000000000004     
  0.92000000000000004     
  0.92200000000000004     
  0.92400000000000004     
  0.92600000000000005     
  0.92800000000000005     
  0.93000000000000005     
  0.93200000000000005     
  0.93400000000000005     
  0.93600000000000005     
  0.93800000000000006     
  0.94000000000000006     
  0.94200000000000006     
  0.94400000000000006     
  0.94600000000000006     
  0.94800000000000006     
  0.95000000000000007     
  0.95200000000000007     
  0.95400000000000007     
  0.95600000000000007     
  0.95800000000000007     
  0.95999999999999996     
  0.96199999999999997     
  0.96399999999999997     
  0.96599999999999997     
  0.96799999999999997     
  0.96999999999999997     
  0.97199999999999998     
  0.97399999999999998     
  0.97599999999999998     
  0.97799999999999998     
  0.97999999999999998     
  0.98199999999999998     
  0.98399999999999999     
  0.98599999999999999     
  0.98799999999999999     
  0.98999999999999999     
  0.99199999999999999     
  0.99399999999999999     
  0.99600000000000000     
  0.99800000000000000     
   1.0000000000000000     
