   40.000000000000000        100.00000000000000     
   32.331539742016311        114.62203871317593     
   25.419266656663751        127.59161897879885     
   19.513791032135924        138.42649384960248     
   14.692581824462632        146.99378461705021     
   10.898287830425819        153.43018853038649     
   7.9956504315262293        158.02602936115352     
   5.8215008124680550        161.12425067603525     
   4.2175115481787051        163.05473872069354     
   3.0465203866385262        164.10198453470940     
   2.1975634804112638        164.49552807821266     
   1.5847295777732806        164.41278763178124     
   1.1433993986310422        163.98706104632160     
  0.82589081062615599        163.31662835581494     
  0.59746002842084511        162.47305502369124     
  0.43299536355881302        161.50803464591098     
  0.31443741174932738        160.45871840482550     
  0.22883515225633227        159.35172649154214     
  0.16691300438123582        158.20610321260872     
  0.12202921789983104        157.03546426205668     
   8.9425416050785328E-002   155.84954348222590     
   6.5688854934655330E-002   154.65530111321718     
   4.8368314435516341E-002   153.45771542362115     
   3.5700150027963652E-002   152.26034734214349     
   2.6412992977921042E-002   151.06574303113470     
   1.9588467475357651E-002   149.87572103114201     
   1.4561764919837353E-002   148.69157726858754     
   1.0850575484940474E-002   147.51423161829300     
   8.1042073590847623E-003   146.34433285254579     
   6.0670932702188030E-003   145.18233392830899     
   4.5525650898320157E-003   144.02854610120099     
   3.4239688768197183E-003   142.88317790026565     
   2.5810370836846972E-003   141.74636325799679     
   1.9500332611578962E-003   140.61818185665069     
   1.4766093963704088E-003   139.49867387645867     
   1.1206178695703339E-003   138.38785070919695     
   8.5233483561555922E-004   137.28570275771699     
   6.4970498735746670E-004   136.19220512625748     
   4.9632704678639948E-004   135.10732178076881     
   3.7997761421067579E-004   134.03100859700214     
   2.9152714332586266E-004   132.96321559829693     
   2.2414214911079899E-004   131.90388860175844     
   1.7269680262957271E-004   130.85297043156379     
   1.3333802688658274E-004   129.81040181486446     
   1.0316336431322560E-004   128.77612204445717     
   7.9981869359504489E-005   127.75006946971132     
   6.2136255035894898E-005   126.73218186076630     
   4.8370325839226599E-005   125.72239667901994     
   3.7729961538665744E-005   124.72065127818320     
   2.9489008775644953E-005   123.72688305378362     
   2.3093701873769097E-005   122.74102955431773     
   1.8120895785616117E-005   121.76302856381662     
   1.4246615740715612E-005   120.79281816306170     
   1.1222328188711516E-005   119.83033677482562     
   8.8570020565597938E-006   118.87552319713804     
   7.0035208154415911E-006   117.92831662755863     
   5.5483701219354154E-006   116.98865668068572     
   4.4037963161853654E-006   116.05648340056838     
   3.5018323487484549E-006   115.13173726927300     
   2.7897377750755084E-006   114.21435921254444     
   2.2265115521026555E-006   113.30429060326949     
   1.7802202634003737E-006   112.40147326327653     
   1.4259473030024849E-006   111.50584946387467     
   1.1442158031546185E-006   110.61736192543796     
   9.1977365702176463E-007   109.73595381626620     
   7.4065580506241536E-007   108.86156875089831     
   5.9745921230655557E-007   107.99415078801225     
   4.8278129536434008E-007   107.13364442801360     
   3.9078418191422795E-007   106.27999461039079     
   3.1685601415200836E-007   105.43314671089651     
   2.5734722534521347E-007   104.59304653860116     
   2.0936483906547908E-007   103.75964033285318     
   1.7061175048997768E-007   102.93287476017339     
   1.3926093979760085E-007   102.11269691110387     
   1.1385685918983322E-007   101.29905429702737     
   9.3237993891915415E-008   100.49189484696961     
   7.6475949761651963E-008   99.691166904393839     
   6.2827461583491367E-008   98.896819223994896     
   5.1696519542156049E-008   98.108800968498670     
   4.2604432189454993E-008   97.327061705470967     
   3.5166124732135428E-008   96.551551404139346     
   2.9071343996109640E-008   95.782220432230446     
   2.4069730700778412E-008   95.019019552824645     
   1.9958944672675856E-008   94.261899921229784     
   1.6575203905292982E-008   93.510813081874815     
   1.3785735134941044E-008   92.765710965224486     
   1.1482740482146826E-008   92.026545884715460     
   9.5785683646692192E-009   91.293270533714491     
   8.0018424693986258E-009   90.565837982498877     
   6.6943540608547072E-009   89.844201675259470     
   5.6085633930595516E-009   89.128315427126296     
   4.7055878780792930E-009   88.418133421216950     
   3.9535798140500914E-009   87.713610205707710     
   3.3264163410621789E-009   87.014700690927313     
   2.8026400083031937E-009   86.321360146473481     
   2.3646007858228060E-009   85.633544198351899     
   1.9977602319480053E-009   84.951208826137787     
   1.6901263755691397E-009   84.274310360159703     
   1.4317941171745392E-009   83.602805478705690     
   1.2145709283573352E-009   82.936651205251437     
   1.0316715999672609E-009   82.275804905710373     
   8.7746896173008681E-010   81.620224285705660     
   7.4729003484796995E-010   80.969867387863729     
   6.3724911331408849E-010   80.324692589129342     
   5.4411090190752582E-010   79.684658598102004     
   4.6517815030200041E-010   79.049724452393534     
   3.9819927788618847E-010   78.419849516006650     
   3.4129233398345218E-010   77.794993476734419     
   2.9288232394364770E-010   77.175116343580385     
   2.5164948554745701E-010   76.560178444199238     
   2.1648654823836473E-010   75.950140422357876     
   1.8646337059265068E-010   75.344963235416643     
   1.6079764572598099E-010   74.744608151830661     
   1.3883060329280960E-010   74.149036748671080     
   1.2000683101170597E-010   73.558210909165979     
   1.0385749679983803E-010   72.972092820260954     
   8.9986381502462064E-011   72.390644970199119     
   7.8058237397958114E-011   71.813830146120296     
   6.7789073612057386E-011   71.241611431679473     
   5.8938039892021625E-011   70.673952204684127     
   5.1300637786983492E-011   70.110816134750408     
   4.4703035512943912E-011   69.552167180977989     
   3.8997301561076687E-011   68.997969589643461     
   3.4057403986346341E-011   68.448187891912085     
   2.9775848549240424E-011   67.902786901567779     
   2.6060850500677424E-011   67.361731712761198     
   2.2833952632614149E-011   66.824987697775740     
   2.0028016944154400E-011   66.292520504811378     
   1.7585529449681765E-011   65.764296055786161     
   1.5457167734859379E-011   65.240280544155141     
   1.3600589218933655E-011   64.720440432746798     
   1.1979405011203565E-011   64.204742451616653     
   1.0562310004644358E-011   63.693153595917963     
   9.3223446347752153E-012   63.185641123789388     
   8.2362677147842390E-012   62.682172554259537     
   7.2840230767479728E-012   62.182715665168161     
   6.4482855172160035E-012   61.687238491103905     
   5.7140738572203609E-012   61.195709321358549     
   5.0684208592853952E-012   60.708096697897474     
   4.5000913611824423E-012   60.224369413346373     
   3.9993413408682873E-012   59.744496508993947     
   3.5577117630457922E-012   59.268447272810533     
   3.1678520113755558E-012   58.796191237482553     
   2.8233685116572474E-012   58.327698178462555     
   2.5186948252960535E-012   57.862938112034868     
   2.2489800598663620E-012   57.401881293396613     
   2.0099929218875569E-012   56.944498214754034     
   1.7980391404543600E-012   56.490759603433986     
   1.6098903311418509E-012   56.040636420010479     
   1.4427226576723280E-012   55.594099856446135     
   1.2940638925770319E-012   55.151121334248479     
   1.1617476845282576E-012   54.711672502640894     
   1.0438740150327125E-012   54.275725236748166     
   9.3877497569017669E-013   53.843251635796470     
   8.4498512336448604E-013   53.414224021327740     
   7.6121577785636254E-013   52.988614935428217     
   6.8633271792622153E-013   52.566397138971126     
   6.1933680924365947E-013   52.147543609873381     
   5.5934716410539431E-013   51.732027541366158     
   5.0558648930692694E-013   51.319822340279245     
   4.5736832684483889E-013   50.910901625339072     
   4.1408593340758085E-013   50.505239225480317     
   3.7520257993196305E-013   50.102809178170915     
   3.4024308274790528E-013   49.703585727750486     
   3.0878640375694345E-013   49.307543323781928     
   2.8045917932754444E-013   48.914656619416213     
   2.5493005668283916E-013   48.524900469770159     
   2.3190473296276410E-013   48.138249930317151     
   2.1112160625271091E-013   47.754680255290694     
   1.9234796001624536E-013   47.374166896100661     
   1.7537661283257999E-013   46.996685499762179     
   1.6002297436078996E-013   46.622211907337046     
   1.4612245623735010E-013   46.250722152387524     
   1.3352819333648624E-013   45.882192459442493     
   1.2210903663358846E-013   45.516599242475813     
   1.1174778393834442E-013   45.153919103396817     
   1.0233961911567355E-013   44.794128830552808     
   9.3790734182617466E-014   44.437205397243517     
   8.6017111938317424E-014   44.083125960247386     
   7.8943449620909774E-014   43.731867858359585     
   7.2502206548676350E-014   43.383408610941707     
   6.6632760843846502E-014   43.037725916482970     
   6.1280662199695354E-014   42.694797651172941     
   5.6396969272558285E-014   42.354601867485584     
   5.1937661692412072E-014   42.017116792774630     
   4.7863117916613872E-014   41.682320827880098     
   4.4137651225265506E-014   41.350192545745962     
   4.0729097094215601E-014   41.020710690048801     
   3.7608446000835567E-014   40.693854173837387     
   3.4749516433886526E-014   40.369602078183121     
   3.2128663505424033E-014   40.047933650841195     
   2.9724519111357100E-014   39.728828304922473     
   2.7517760068030063E-014   39.412265617575891     
   2.5490901073735525E-014   39.098225328681409     
   2.3628109713947410E-014   38.786687339553346     
   2.1915041053842107E-014   38.477631711654062     
   2.0338689647050341E-014   38.171038665317880     
   1.8887257040506118E-014   37.866888578485188     
   1.7550033076041694E-014   37.565161985446608     
   1.6317289483771436E-014   37.265839575597205     
   1.5180184433582114E-014   36.968902192200574     
   1.4130676862053156E-014   36.674330831162827     
   1.3161449525354673E-014   36.382106639816314     
   1.2265839846285212E-014   36.092210915713039     
   1.1437777727512091E-014   35.804625105427711     
   1.0671729594923624E-014   35.519330803370309     
   9.9626480162453383E-015   35.236309750608129     
   9.3059263119818095E-015   34.955543833697185     
   8.6973576394347159E-015   34.677015083522960     
   8.1330980869914753E-015   34.400705674150373     
   7.6096333659331143E-015   34.126597921682915     
   7.1237487314256950E-015   33.854674283130862     
   6.6725018037962865E-015   33.584917355288532     
   6.2531979962318381E-015   33.317309873620474     
   5.8633682861870581E-015   33.051834711156509     
   5.5007490954941901E-015   32.788474877395636     
   5.1632640688282862E-015   32.527213517218591     
   4.8490075621442824E-015   32.268033909809155     
   4.5562296722735898E-015   32.010919467583982     
   4.2833226563187355E-015   31.755853735131009     
   4.0288086050536295E-015   31.502820388156298     
   3.7913282484353334E-015   31.251803232439276     
   3.5696307837471818E-015   31.002786202796297     
   3.3625646279876516E-015   30.755753362052470     
   3.1690690060403492E-015   30.510688900021666     
   2.9881662950370615E-015   30.267577132494665     
   2.8189550532723860E-015   30.026402500235367     
   2.6606036691463997E-015   29.787149567984983     
   2.5123445719911260E-015   29.549803023474190     
   2.3734689523569500E-015   29.314347676443123     
   2.2433219444675094E-015   29.080768457669205     
   2.1212982281588802E-015   28.849050418002705     
   2.0068380117570221E-015   28.619178727409995     
   1.8994233610662100E-015   28.391138674024415     
   1.7985748429848436E-015   28.164915663204710     
   1.7038484552729912E-015   27.940495216600969     
   1.6148328167034319E-015   27.717862971228012     
   1.5311465942660971E-015   27.497004678546144     
   1.4524361462925931E-015   27.277906203549247     
   1.3783733623478235E-015   27.060553523860133     
   1.3086536825218570E-015   26.844932728833115     
   1.2429942803669551E-015   26.631030018663715     
   1.1811323951798568E-015   26.418831703505472     
   1.1228238006438510E-015   26.208324202593783     
   1.0678413980330887E-015   25.999494043376739     
   1.0159739232556697E-015   25.792327860652868     
   9.6702475798369067E-016   25.586812395715768     
   9.2081083599783934E-016   25.382934495505530     
   8.7716163667042287E-016   25.180681111766955     
   8.3591825823210641E-016   24.980039300214443     
   7.9693256412148993E-016   24.780996219703574     
   7.6006639630954657E-016   24.583539131409257     
   7.2519085002884302E-016   24.387655398010441     
   6.9218560482567063E-016   24.193332482881328     
   6.6093830729654504E-016   24.000557949289018     
   6.3134400127328381E-016   23.809319459597567     
   6.0330460158693001E-016   23.619604774478358     
   5.7672840787365195E-016   23.431401752126785     
   5.5152965518855449E-016   23.244698347485183     
   5.2762809846893064E-016   23.059482611471925     
   5.0494862813941752E-016   22.875742690216686     
   4.8342091438010246E-016   22.693466824301790     
   4.6297907778694041E-016   22.512643348009604     
   4.4356138434377097E-016   22.333260688575923     
   4.2510996279845687E-016   22.155307365449314     
   4.0757054269374728E-016   21.978771989556357     
   3.9089221144777929E-016   21.803643262572738     
   3.7502718901092966E-016   21.629909976200157     
   3.5993061874615001E-016   21.457561011448981     
   3.4556037328998850E-016   21.286585337926638     
   3.3187687425215666E-016   21.116972013131669     
   3.1884292470357712E-016   20.948710181753388     
   3.0642355348711990E-016   20.781789074977155     
   2.9458587046238863E-016   20.616198009795163     
   2.8329893186658693E-016   20.451926388322715     
   2.7253361503824950E-016   20.288963697119971     
   2.6226250180998015E-016   20.127299506519066     
   2.5245976993077199E-016   19.966923469956622     
   2.4310109192842264E-016   19.807825323311562     
   2.3416354086838636E-016   19.649994884248191     
   2.2562550250748185E-016   19.493422051564536     
   2.1746659337952149E-016   19.338096804545867     
   2.0966758438543585E-016   19.184009202323352     
   2.0221032949310628E-016   19.031149383237860     
   1.9507769918213096E-016   18.879507564208790     
   1.8825351829635598E-016   18.729074040107964     
   1.8172250799240805E-016   18.579839183138493     
   1.7547023149585075E-016   18.431793442218595     
   1.6948304339812279E-016   18.284927342370317     
   1.6374804224725600E-016   18.139231484113139     
   1.5825302620365445E-016   17.994696542862400     
   1.5298645154907161E-016   17.851313268332529     
   1.4793739385246736E-016   17.709072483945015     
   1.4309551161076775E-016   17.567965086241102     
   1.3845101219578543E-016   17.427982044299178     
   1.3399461995077795E-016   17.289114399156777     
   1.2971754629140557E-016   17.151353263237208     
   1.2561146167627600E-016   17.014689819780752     
   1.2166846932189846E-016   16.879115322280381     
   1.1788108054577729E-016   16.744621093921978     
   1.1424219162961287E-016   16.611198527029025     
   1.1074506210219945E-016   16.478839082511694     
   1.0738329434866208E-016   16.347534289320361     
   1.0415081445920409E-016   16.217275743903443     
   1.0104185423658338E-016   16.088055109669572     
   9.8050934287137242E-017   15.959864116454050     
   9.5172848125365619E-017   15.832694559989555     
   9.2402647226894825E-017   15.706538301381070     
   8.9735626969105230E-017   15.581387266584979     
   8.7167313402844931E-017   15.457233445892340     
   8.4693450802491691E-017   15.334068893416251     
   8.2309989945189651E-017   15.211885726583313     
   8.0013077073396551E-017   15.090676125629145     
   7.7799043497950844E-017   14.970432333097911     
   7.5664395801723507E-017   14.851146653345848     
   7.3605806606573122E-017   14.732811452048736     
   7.1620105868789610E-017   14.615419155713301     
   6.9704272670506305E-017   14.498962251192507     
   6.7855427476693688E-017   14.383433285204717     
   6.6070824829333869E-017   14.268824863856672     
   6.4347846452222823E-017   14.155129652170286     
   6.2683994741568167E-017   14.042340373613206     
   6.1076886619152593E-017   13.930449809633103     
   5.9524247726325861E-017   13.819450799195693     
   5.8023906938479505E-017   13.709336238326419     
   5.6573791180954957E-017   13.600099079655802     
   5.5171920528544915E-017   13.491732331968400     
   5.3816403571875355E-017   13.384229059755373     
   5.2505433035007751E-017   13.277582382770605     
   5.1237281629582671E-017   13.171785475590367     
   5.0010298131742468E-017   13.066831567176488     
   4.8822903668926514E-017   12.962713940443004     
   4.7673588204431576E-017   12.859425931826268     
   4.6560907208376756E-017   12.756960930858472     
   4.5483478504410089E-017   12.655312379744581     
   4.4439979282146294E-017   12.554473772942627     
   4.3429143265934991E-017   12.454438656747355     
   4.2449758031129199E-017   12.355200628877185     
   4.1500662459557499E-017   12.256753338064458     
   4.0580744326402754E-017   12.159090483648962     
   3.9688938011157576E-017   12.062205815174677     
   3.8824222325764587E-017   11.966093131989751     
   3.7985618453459151E-017   11.870746282849657     
   3.7172187992216482E-017   11.776159165523502     
   3.6383031097064604E-017   11.682325726403493     
   3.5617284715861974E-017   11.589239960117498     
   3.4874120913454667E-017   11.496895909144701     
   3.4152745279424507E-017   11.405287663434322     
   3.3452395414917497E-017   11.314409360027366     
   3.2772339494302958E-017   11.224255182681395     
   3.2111874897658407E-017   11.134819361498288     
   3.1470326910305235E-017   11.046096172554959     
   3.0847047485835818E-017   10.958079937537034     
   3.0241414069275505E-017   10.870765023375430     
   2.9652828477213194E-017   10.784145841885836     
   2.9080715831913122E-017   10.698216849411072     
   2.8524523546588572E-017   10.612972546466288     
   2.7983720359176212E-017   10.528407477387002     
   2.7457795412098475E-017   10.444516229979927     
   2.6946257375640976E-017   10.361293435176593     
   2.6448633612703585E-017   10.278733766689728     
   2.5964469382807397E-017   10.196831940672366     
   2.5493327083356291E-017   10.115582715379690     
   2.5034785526261382E-017   10.034980890833545     
   2.4588439248139860E-017   9.9550213084896502     
   2.4153897852396939E-017   9.8756988509074439     
   2.3730785381591168E-017   9.7970084414225642     
   2.3318739718569688E-017   9.7189450438219449     
   2.2917412014941270E-017   9.6415036620214938     
   2.2526466145531691E-017   9.5646793397463448     
   2.2145578187538231E-017   9.4884671602136468     
   2.1774435923168268E-017   9.4128622458178981     
   2.1412738364611242E-017   9.3378597578187712     
   2.1060195300253910E-017   9.2634548960314333     
   2.0716526861106092E-017   9.1896428985193328     
   2.0381463106458129E-017   9.1164190412894364     
   2.0054743627842316E-017   9.0437786379898863     
   1.9736117170418749E-017   8.9717170396100769     
   1.9425341270951507E-017   8.9002296341831162     
   1.9122181911584138E-017   8.8293118464906559     
   1.8826413188663994E-017   8.7589591377700771     
   1.8537816995903395E-017   8.6891670054240073     
   1.8256182721201858E-017   8.6199309827321553     
   1.7981306956487998E-017   8.5512466385654360     
   1.7712993219972110E-017   8.4831095771023790     
   1.7451051690231197E-017   8.4155154375477945     
   1.7195298951577196E-017   8.3484598938536774     
   1.6945557750186708E-017   8.2819386544423441     
   1.6701656760496476E-017   8.2159474619317674     
   1.6463430361393549E-017   8.1504820928631005     
   1.6230718421752353E-017   8.0855383574303783     
   1.6003366094892991E-017   8.0211120992123650     
   1.5781223621555978E-017   7.9571991949065453     
   1.5564146141008487E-017   7.8937955540652274     
   1.5351993509915941E-017   7.8308971188337564     
   1.5144630128630531E-017   7.7684998636908080     
   1.4941924774565238E-017   7.7065997951907557     
   1.4743750442337781E-017   7.6451929517080863     
   1.4549984190384217E-017   7.5842754031838577     
   1.4360506993756232E-017   7.5238432508741706     
   1.4175203602829836E-017   7.4638926271006500     
   1.3993962407666129E-017   7.4044196950029120     
   1.3816675307777100E-017   7.3454206482930022     
   1.3643237587061089E-017   7.2868917110117932     
   1.3473547793683605E-017   7.2288291372873212     
   1.3307507624689747E-017   7.1712292110950493     
   1.3145021815144427E-017   7.1140882460200414     
   1.2985998031606106E-017   7.0574025850210278     
   1.2830346769748782E-017   7.0011686001963565     
   1.2677981255955487E-017   6.9453826925518038     
   1.2528817352714764E-017   6.8900412917702401     
   1.2382773467659271E-017   6.8351408559831253     
   1.2239770466093070E-017   6.7806778715438289     
   1.2099731586861100E-017   6.7266488528027581     
   1.1962582361421059E-017   6.6730503418842719     
   1.1828250535984185E-017   6.6198789084653757     
   1.1696665996597495E-017   6.5671311495561824     
   1.1567760697045744E-017   6.5148036892821173     
   1.1441468589456843E-017   6.4628931786678621     
   1.1317725557499656E-017   6.4113962954230193     
   1.1196469352068032E-017   6.3603097437294833     
   1.1077639529349669E-017   6.3096302540305080     
   1.0961177391182830E-017   6.2593545828214552     
   1.0847025927608278E-017   6.2094795124422060     
   1.0735129761527803E-017   6.1600018508712324     
   1.0625435095384607E-017   6.1109184315213065     
   1.0517889659784537E-017   6.0622261130368358     
   1.0412442663980637E-017   6.0139217790928168     
   1.0309044748146861E-017   5.9660023381953895     
   1.0207647937370013E-017   5.9184647234839804     
   1.0108205597291987E-017   5.8713058925350214     
   1.0010672391337329E-017   5.8245228271672360     
   9.9150042394639135E-018   5.7781125332484713     
   9.8211582783771484E-018   5.7320720405040761     
   9.7290928231506944E-018   5.6863984023267991     
   9.6387673301990548E-018   5.6410886955882074     
   9.5501423615497340E-018   5.5961400204516041     
   9.4631795503648220E-018   5.5515495001864386     
   9.3778415676639972E-018   5.5073142809841933     
   9.2940920902029178E-018   5.4634315317757407     
   9.2118957694629022E-018   5.4198984440501530     
   9.1312182017096212E-018   5.3767122316749569     
   9.0520258990802745E-018   5.3338701307178189     
   8.9742862616603882E-018   5.2913693992696551     
   8.8979675505129713E-018   5.2492073172691462     
   8.8230388616242980E-018   5.2073811863286528     
   8.7494701007320251E-018   5.1658883295615174     
   8.6772319590027602E-018   5.1247260914107455     
   8.6062958895275358E-018   5.0838918374790447     
   8.5366340846048899E-018   5.0433829543602258     
   8.4682194537825099E-018   5.0031968494719417     
   8.4010256026295335E-018   4.9633309508897634     
   8.3350268122127337E-018   4.9237827071825748     
   8.2701980192508734E-018   4.8845495872492783     
   8.2065147969225455E-018   4.8456290801568080     
   8.1439533363037736E-018   4.8070186949794245     
   8.0824904284126146E-018   4.7687159606392973     
   8.0221034468388767E-018   4.7307184257483552     
   7.9627703309379254E-018   4.6930236584513958     
   7.9044695695683999E-018   4.6556292462704452     
   7.8471801853544005E-018   4.6185327959503608     
   7.7908817194535215E-018   4.5817319333056590     
   7.7355542168127699E-018   4.5452243030685704     
   7.6811782118951439E-018   4.5090075687382978     
   7.6277347148602890E-018   4.4730794124314821     
   7.5752051981832929E-018   4.4374375347338573     
   7.5235715836962807E-018   4.4020796545530843     
   7.4728162300380745E-018   4.3670035089727630     
   7.4229219204977206E-018   4.3322068531076035     
   7.3738718512382424E-018   4.2976874599597537     
   7.3256496198874861E-018   4.2634431202762695     
   7.2782392144834098E-018   4.2294716424077228     
   7.2316250027616705E-018   4.1957708521679340     
   7.1857917217737815E-018   4.1623385926948258     
   7.1407244678245812E-018   4.1291727243123795     
   7.0964086867181546E-018   4.0962711243936978     
   7.0528301643017560E-018   4.0636316872251568     
   7.0099750172976723E-018   4.0312523238716356     
   6.9678296844133352E-018   3.9991309620428286     
   6.9263809177203350E-018   3.9672655459606143     
   6.8856157742933539E-018   3.9356540362274868     
   6.8455216081003437E-018   3.9042944096960333     
   6.8060860621355986E-018   3.8731846593394517     
   6.7672970607876740E-018   3.8423227941231008     
   6.7291428024343974E-018   3.8117068388770727     
   6.6916117522574903E-018   3.7813348341697814     
   6.6546926352695935E-018   3.7512048361825587     
   6.6183744295467489E-018   3.7213149165852490     
   6.5826463596596300E-018   3.6916631624127958     
   6.5474978902970677E-018   3.6622476759428113     
   6.5129187200756261E-018   3.6330665745741211     
   6.4788987755292288E-018   3.6041179907062770     
   6.4454282052730235E-018   3.5754000716200305     
   6.4124973743359007E-018   3.5469109793587577     
   6.3800968586562575E-018   3.5186488906108297     
   6.3482174397357983E-018   3.4906119965929201     
   6.3168500994463522E-018   3.4627985029342416     
   6.2859860149848391E-018   3.4352066295617067     
   6.2556165539717112E-018   3.4078346105860020     
   6.2257332696883430E-018   3.3806806941885696     
   6.1963278964489970E-018   3.3537431425094919     
